This file contains any messages produced by compilers while
running configure, to aid debugging if configure makes a mistake.

It was created by configure, which was
generated by GNU Autoconf 2.65.  Invocation command line was

  $ ./configure 

## --------- ##
## Platform. ##
## --------- ##

hostname = coroner
uname -m = x86_64
uname -r = 2.6.32-28-generic
uname -s = Linux
uname -v = #55-Ubuntu SMP Mon Jan 10 23:42:43 UTC 2011

/usr/bin/uname -p = unknown
/bin/uname -X     = unknown

/bin/arch              = unknown
/usr/bin/arch -k       = unknown
/usr/convex/getsysinfo = unknown
/usr/bin/hostinfo      = unknown
/bin/machine           = unknown
/usr/bin/oslevel       = unknown
/bin/universe          = unknown

PATH: /home/coroner/zwa/install/zorp-mainline-4.0/bin
PATH: /home/coroner/zwa/install/zorp-mainline-4.0/sbin
PATH: /home/coroner/zwa/libexec
PATH: /home/coroner/bin
PATH: /usr/local/sbin
PATH: /usr/local/bin
PATH: /usr/sbin
PATH: /usr/bin
PATH: /sbin
PATH: /bin
PATH: /usr/games
PATH: /home/coroner/bin


## ----------- ##
## Core tests. ##
## ----------- ##

configure:2467: checking for a BSD-compatible install
configure:2535: result: /usr/bin/install -c
configure:2546: checking whether build environment is sane
configure:2596: result: yes
configure:2737: checking for a thread-safe mkdir -p
configure:2776: result: /bin/mkdir -p
configure:2789: checking for gawk
configure:2805: found /usr/bin/gawk
configure:2816: result: gawk
configure:2827: checking whether make sets $(MAKE)
configure:2849: result: yes
configure:3056: checking for gcc
configure:3072: found /usr/local/bin/gcc
configure:3083: result: gcc
configure:3312: checking for C compiler version
configure:3321: gcc --version >&5
gcc-4.3 (Ubuntu 4.3.4-10ubuntu1) 4.3.4
Copyright (C) 2008 Free Software Foundation, Inc.
This is free software; see the source for copying conditions.  There is NO
warranty; not even for MERCHANTABILITY or FITNESS FOR A PARTICULAR PURPOSE.

configure:3332: $? = 0
configure:3321: gcc -v >&5
Using built-in specs.
Target: x86_64-linux-gnu
Configured with: ../src/configure -v --with-pkgversion='Ubuntu 4.3.4-10ubuntu1' --with-bugurl=file:///usr/share/doc/gcc-4.3/README.Bugs --enable-languages=c,c++,fortran,objc,obj-c++ --prefix=/usr --enable-shared --enable-multiarch --enable-linker-build-id --with-system-zlib --libexecdir=/usr/lib --without-included-gettext --enable-threads=posix --enable-nls --with-gxx-include-dir=/usr/include/c++/4.3 --program-suffix=-4.3 --enable-clocale=gnu --enable-libstdcxx-debug --enable-objc-gc --enable-mpfr --with-tune=generic --enable-checking=release --build=x86_64-linux-gnu --host=x86_64-linux-gnu --target=x86_64-linux-gnu
Thread model: posix
gcc version 4.3.4 (Ubuntu 4.3.4-10ubuntu1) 
configure:3332: $? = 0
configure:3321: gcc -V >&5
gcc-4.3: '-V' option must have argument
configure:3332: $? = 1
configure:3321: gcc -qversion >&5
gcc-4.3: unrecognized option '-qversion'
gcc-4.3: no input files
configure:3332: $? = 1
configure:3352: checking whether the C compiler works
configure:3374: gcc -O0 -g -O2  -g conftest.c  >&5
configure:3378: $? = 0
configure:3427: result: yes
configure:3430: checking for C compiler default output file name
configure:3432: result: a.out
configure:3438: checking for suffix of executables
configure:3445: gcc -o conftest -O0 -g -O2  -g conftest.c  >&5
configure:3449: $? = 0
configure:3471: result: 
configure:3493: checking whether we are cross compiling
configure:3501: gcc -o conftest -O0 -g -O2  -g conftest.c  >&5
configure:3505: $? = 0
configure:3512: ./conftest
configure:3516: $? = 0
configure:3531: result: no
configure:3536: checking for suffix of object files
configure:3558: gcc -c -O0 -g -O2  conftest.c >&5
configure:3562: $? = 0
configure:3583: result: o
configure:3587: checking whether we are using the GNU C compiler
configure:3606: gcc -c -O0 -g -O2  conftest.c >&5
configure:3606: $? = 0
configure:3615: result: yes
configure:3624: checking whether gcc accepts -g
configure:3644: gcc -c -g  conftest.c >&5
configure:3644: $? = 0
configure:3685: result: yes
configure:3702: checking for gcc option to accept ISO C89
configure:3766: gcc  -c -O0 -g -O2  conftest.c >&5
configure:3766: $? = 0
configure:3779: result: none needed
configure:3810: checking for style of include used by make
configure:3838: result: GNU
configure:3863: checking dependency style of gcc
configure:3973: result: gcc3
configure:4017: checking build system type
configure:4031: result: x86_64-unknown-linux-gnu
configure:4051: checking host system type
configure:4064: result: x86_64-unknown-linux-gnu
configure:4084: checking for a sed that does not truncate output
configure:4148: result: /bin/sed
configure:4166: checking for grep that handles long lines and -e
configure:4224: result: /bin/grep
configure:4229: checking for egrep
configure:4291: result: /bin/grep -E
configure:4296: checking for fgrep
configure:4358: result: /bin/grep -F
configure:4393: checking for ld used by gcc
configure:4460: result: /usr/bin/ld
configure:4467: checking if the linker (/usr/bin/ld) is GNU ld
configure:4482: result: yes
configure:4494: checking for BSD- or MS-compatible name lister (nm)
configure:4543: result: /usr/bin/nm -B
configure:4661: checking the name lister (/usr/bin/nm -B) interface
configure:4668: gcc -c -O0 -g -O2  conftest.c >&5
configure:4671: /usr/bin/nm -B "conftest.o"
configure:4674: output
0000000000000000 B some_variable
configure:4681: result: BSD nm
configure:4684: checking whether ln -s works
configure:4688: result: yes
configure:4696: checking the maximum length of command line arguments
configure:4816: result: 1572864
configure:4833: checking whether the shell understands some XSI constructs
configure:4843: result: yes
configure:4847: checking whether the shell understands "+="
configure:4853: result: yes
configure:4888: checking for /usr/bin/ld option to reload object files
configure:4895: result: -r
configure:4964: checking for objdump
configure:4980: found /usr/bin/objdump
configure:4991: result: objdump
configure:5023: checking how to recognize dependent libraries
configure:5219: result: pass_all
configure:5279: checking for ar
configure:5295: found /usr/bin/ar
configure:5306: result: ar
configure:5384: checking for strip
configure:5400: found /usr/bin/strip
configure:5411: result: strip
configure:5483: checking for ranlib
configure:5499: found /usr/bin/ranlib
configure:5510: result: ranlib
configure:5600: checking command to parse /usr/bin/nm -B output from gcc object
configure:5718: gcc -c -O0 -g -O2  conftest.c >&5
configure:5721: $? = 0
configure:5725: /usr/bin/nm -B conftest.o \| sed -n -e 's/^.*[	 ]\([ABCDGIRSTW][ABCDGIRSTW]*\)[	 ][	 ]*\([_A-Za-z][_A-Za-z0-9]*\)$/\1 \2 \2/p' \> conftest.nm
configure:5728: $? = 0
configure:5782: gcc -o conftest -O0 -g -O2  -g conftest.c conftstm.o >&5
configure:5785: $? = 0
configure:5823: result: ok
configure:5919: gcc -c -O0 -g -O2  conftest.c >&5
configure:5922: $? = 0
configure:6632: checking how to run the C preprocessor
configure:6663: gcc -E  conftest.c
configure:6663: $? = 0
configure:6677: gcc -E  conftest.c
conftest.c:9:28: error: ac_nonexistent.h: No such file or directory
configure:6677: $? = 1
configure: failed program was:
| /* confdefs.h */
| #define PACKAGE_NAME ""
| #define PACKAGE_TARNAME ""
| #define PACKAGE_VERSION ""
| #define PACKAGE_STRING ""
| #define PACKAGE_BUGREPORT ""
| #define PACKAGE_URL ""
| /* end confdefs.h.  */
| #include <ac_nonexistent.h>
configure:6702: result: gcc -E
configure:6722: gcc -E  conftest.c
configure:6722: $? = 0
configure:6736: gcc -E  conftest.c
conftest.c:9:28: error: ac_nonexistent.h: No such file or directory
configure:6736: $? = 1
configure: failed program was:
| /* confdefs.h */
| #define PACKAGE_NAME ""
| #define PACKAGE_TARNAME ""
| #define PACKAGE_VERSION ""
| #define PACKAGE_STRING ""
| #define PACKAGE_BUGREPORT ""
| #define PACKAGE_URL ""
| /* end confdefs.h.  */
| #include <ac_nonexistent.h>
configure:6765: checking for ANSI C header files
configure:6785: gcc -c -O0 -g -O2  conftest.c >&5
configure:6785: $? = 0
configure:6858: gcc -o conftest -O0 -g -O2  -g conftest.c  >&5
configure:6858: $? = 0
configure:6858: ./conftest
configure:6858: $? = 0
configure:6869: result: yes
configure:6882: checking for sys/types.h
configure:6882: gcc -c -O0 -g -O2  conftest.c >&5
configure:6882: $? = 0
configure:6882: result: yes
configure:6882: checking for sys/stat.h
configure:6882: gcc -c -O0 -g -O2  conftest.c >&5
configure:6882: $? = 0
configure:6882: result: yes
configure:6882: checking for stdlib.h
configure:6882: gcc -c -O0 -g -O2  conftest.c >&5
configure:6882: $? = 0
configure:6882: result: yes
configure:6882: checking for string.h
configure:6882: gcc -c -O0 -g -O2  conftest.c >&5
configure:6882: $? = 0
configure:6882: result: yes
configure:6882: checking for memory.h
configure:6882: gcc -c -O0 -g -O2  conftest.c >&5
configure:6882: $? = 0
configure:6882: result: yes
configure:6882: checking for strings.h
configure:6882: gcc -c -O0 -g -O2  conftest.c >&5
configure:6882: $? = 0
configure:6882: result: yes
configure:6882: checking for inttypes.h
configure:6882: gcc -c -O0 -g -O2  conftest.c >&5
configure:6882: $? = 0
configure:6882: result: yes
configure:6882: checking for stdint.h
configure:6882: gcc -c -O0 -g -O2  conftest.c >&5
configure:6882: $? = 0
configure:6882: result: yes
configure:6882: checking for unistd.h
configure:6882: gcc -c -O0 -g -O2  conftest.c >&5
configure:6882: $? = 0
configure:6882: result: yes
configure:6897: checking for dlfcn.h
configure:6897: gcc -c -O0 -g -O2  conftest.c >&5
configure:6897: $? = 0
configure:6897: result: yes
configure:7081: checking for objdir
configure:7096: result: .libs
configure:7388: checking if gcc supports -fno-rtti -fno-exceptions
configure:7406: gcc -c -O0 -g -O2  -fno-rtti -fno-exceptions conftest.c >&5
cc1: warning: command line option "-fno-rtti" is valid for C++/ObjC++ but not for C
cc1: warning: command line option "-fno-rtti" is valid for C++/ObjC++ but not for C
configure:7410: $? = 0
configure:7423: result: no
configure:7443: checking for gcc option to produce PIC
configure:7715: result: -fPIC -DPIC
configure:7727: checking if gcc PIC flag -fPIC -DPIC works
configure:7745: gcc -c -O0 -g -O2  -fPIC -DPIC -DPIC conftest.c >&5
configure:7749: $? = 0
configure:7762: result: yes
configure:7786: checking if gcc static flag -static works
configure:7814: result: yes
configure:7829: checking if gcc supports -c -o file.o
configure:7850: gcc -c -O0 -g -O2  -o out/conftest2.o conftest.c >&5
configure:7854: $? = 0
configure:7876: result: yes
configure:7884: checking if gcc supports -c -o file.o
configure:7931: result: yes
configure:7964: checking whether the gcc linker (/usr/bin/ld -m elf_x86_64) supports shared libraries
configure:8955: result: yes
configure:8992: checking whether -lc should be explicitly linked in
configure:8997: gcc -c -O0 -g -O2  conftest.c >&5
configure:9000: $? = 0
configure:9015: gcc -shared conftest.o  -v -Wl,-soname -Wl,conftest -o conftest 2\>\&1 \| /bin/grep  -lc  \>/dev/null 2\>\&1
configure:9018: $? = 0
configure:9030: result: no
configure:9194: checking dynamic linker characteristics
configure:9627: gcc -o conftest -O0 -g -O2  -g -Wl,-rpath -Wl,/foo conftest.c  >&5
configure:9627: $? = 0
configure:9857: result: GNU/Linux ld.so
configure:9959: checking how to hardcode library paths into programs
configure:9984: result: immediate
configure:10504: checking whether stripping libraries is possible
configure:10509: result: yes
configure:10544: checking if libtool supports shared libraries
configure:10546: result: yes
configure:10549: checking whether to build shared libraries
configure:10570: result: yes
configure:10573: checking whether to build static libraries
configure:10577: result: yes
configure:10617: checking for dirent.h that defines DIR
configure:10636: gcc -c -O0 -g -O2  conftest.c >&5
configure:10636: $? = 0
configure:10644: result: yes
configure:10658: checking for library containing opendir
configure:10689: gcc -o conftest -O0 -g -O2  -g conftest.c  >&5
configure:10689: $? = 0
configure:10706: result: none required
configure:10773: checking for ANSI C header files
configure:10877: result: yes
configure:10888: checking fcntl.h usability
configure:10888: gcc -c -O0 -g -O2  conftest.c >&5
configure:10888: $? = 0
configure:10888: result: yes
configure:10888: checking fcntl.h presence
configure:10888: gcc -E  conftest.c
configure:10888: $? = 0
configure:10888: result: yes
configure:10888: checking for fcntl.h
configure:10888: result: yes
configure:10888: checking sys/ioctl.h usability
configure:10888: gcc -c -O0 -g -O2  conftest.c >&5
configure:10888: $? = 0
configure:10888: result: yes
configure:10888: checking sys/ioctl.h presence
configure:10888: gcc -E  conftest.c
configure:10888: $? = 0
configure:10888: result: yes
configure:10888: checking for sys/ioctl.h
configure:10888: result: yes
configure:10888: checking sys/time.h usability
configure:10888: gcc -c -O0 -g -O2  conftest.c >&5
configure:10888: $? = 0
configure:10888: result: yes
configure:10888: checking sys/time.h presence
configure:10888: gcc -E  conftest.c
configure:10888: $? = 0
configure:10888: result: yes
configure:10888: checking for sys/time.h
configure:10888: result: yes
configure:10888: checking syslog.h usability
configure:10888: gcc -c -O0 -g -O2  conftest.c >&5
configure:10888: $? = 0
configure:10888: result: yes
configure:10888: checking syslog.h presence
configure:10888: gcc -E  conftest.c
configure:10888: $? = 0
configure:10888: result: yes
configure:10888: checking for syslog.h
configure:10888: result: yes
configure:10888: checking for unistd.h
configure:10888: result: yes
configure:10888: checking sys/capability.h usability
configure:10888: gcc -c -O0 -g -O2  conftest.c >&5
configure:10888: $? = 0
configure:10888: result: yes
configure:10888: checking sys/capability.h presence
configure:10888: gcc -E  conftest.c
configure:10888: $? = 0
configure:10888: result: yes
configure:10888: checking for sys/capability.h
configure:10888: result: yes
configure:10888: checking for dlfcn.h
configure:10888: result: yes
configure:10888: checking crypt.h usability
configure:10888: gcc -c -O0 -g -O2  conftest.c >&5
configure:10888: $? = 0
configure:10888: result: yes
configure:10888: checking crypt.h presence
configure:10888: gcc -E  conftest.c
configure:10888: $? = 0
configure:10888: result: yes
configure:10888: checking for crypt.h
configure:10888: result: yes
configure:10888: checking pwd.h usability
configure:10888: gcc -c -O0 -g -O2  conftest.c >&5
configure:10888: $? = 0
configure:10888: result: yes
configure:10888: checking pwd.h presence
configure:10888: gcc -E  conftest.c
configure:10888: $? = 0
configure:10888: result: yes
configure:10888: checking for pwd.h
configure:10888: result: yes
configure:10888: checking grp.h usability
configure:10888: gcc -c -O0 -g -O2  conftest.c >&5
configure:10888: $? = 0
configure:10888: result: yes
configure:10888: checking grp.h presence
configure:10888: gcc -E  conftest.c
configure:10888: $? = 0
configure:10888: result: yes
configure:10888: checking for grp.h
configure:10888: result: yes
configure:10888: checking sys/prctl.h usability
configure:10888: gcc -c -O0 -g -O2  conftest.c >&5
configure:10888: $? = 0
configure:10888: result: yes
configure:10888: checking sys/prctl.h presence
configure:10888: gcc -E  conftest.c
configure:10888: $? = 0
configure:10888: result: yes
configure:10888: checking for sys/prctl.h
configure:10888: result: yes
configure:10888: checking sys/resource.h usability
configure:10888: gcc -c -O0 -g -O2  conftest.c >&5
configure:10888: $? = 0
configure:10888: result: yes
configure:10888: checking sys/resource.h presence
configure:10888: gcc -E  conftest.c
configure:10888: $? = 0
configure:10888: result: yes
configure:10888: checking for sys/resource.h
configure:10888: result: yes
configure:10900: checking zlib.h usability
configure:10900: gcc -c -O0 -g -O2  conftest.c >&5
configure:10900: $? = 0
configure:10900: result: yes
configure:10900: checking zlib.h presence
configure:10900: gcc -E  conftest.c
configure:10900: $? = 0
configure:10900: result: yes
configure:10900: checking for zlib.h
configure:10900: result: yes
configure:10909: checking for an ANSI C-conforming const
configure:10974: gcc -c -O0 -g -O2  conftest.c >&5
configure:10974: $? = 0
configure:10981: result: yes
configure:10989: checking for size_t
configure:10989: gcc -c -O0 -g -O2  conftest.c >&5
configure:10989: $? = 0
configure:10989: gcc -c -O0 -g -O2  conftest.c >&5
conftest.c: In function 'main':
conftest.c:71: error: expected expression before ')' token
configure:10989: $? = 1
configure: failed program was:
| /* confdefs.h */
| #define PACKAGE_NAME ""
| #define PACKAGE_TARNAME ""
| #define PACKAGE_VERSION ""
| #define PACKAGE_STRING ""
| #define PACKAGE_BUGREPORT ""
| #define PACKAGE_URL ""
| #define STDC_HEADERS 1
| #define HAVE_SYS_TYPES_H 1
| #define HAVE_SYS_STAT_H 1
| #define HAVE_STDLIB_H 1
| #define HAVE_STRING_H 1
| #define HAVE_MEMORY_H 1
| #define HAVE_STRINGS_H 1
| #define HAVE_INTTYPES_H 1
| #define HAVE_STDINT_H 1
| #define HAVE_UNISTD_H 1
| #define HAVE_DLFCN_H 1
| #define LT_OBJDIR ".libs/"
| #define HAVE_DIRENT_H 1
| #define STDC_HEADERS 1
| #define HAVE_FCNTL_H 1
| #define HAVE_SYS_IOCTL_H 1
| #define HAVE_SYS_TIME_H 1
| #define HAVE_SYSLOG_H 1
| #define HAVE_UNISTD_H 1
| #define HAVE_SYS_CAPABILITY_H 1
| #define HAVE_DLFCN_H 1
| #define HAVE_CRYPT_H 1
| #define HAVE_PWD_H 1
| #define HAVE_GRP_H 1
| #define HAVE_SYS_PRCTL_H 1
| #define HAVE_SYS_RESOURCE_H 1
| /* end confdefs.h.  */
| #include <stdio.h>
| #ifdef HAVE_SYS_TYPES_H
| # include <sys/types.h>
| #endif
| #ifdef HAVE_SYS_STAT_H
| # include <sys/stat.h>
| #endif
| #ifdef STDC_HEADERS
| # include <stdlib.h>
| # include <stddef.h>
| #else
| # ifdef HAVE_STDLIB_H
| #  include <stdlib.h>
| # endif
| #endif
| #ifdef HAVE_STRING_H
| # if !defined STDC_HEADERS && defined HAVE_MEMORY_H
| #  include <memory.h>
| # endif
| # include <string.h>
| #endif
| #ifdef HAVE_STRINGS_H
| # include <strings.h>
| #endif
| #ifdef HAVE_INTTYPES_H
| # include <inttypes.h>
| #endif
| #ifdef HAVE_STDINT_H
| # include <stdint.h>
| #endif
| #ifdef HAVE_UNISTD_H
| # include <unistd.h>
| #endif
| int
| main ()
| {
| if (sizeof ((size_t)))
| 	    return 0;
|   ;
|   return 0;
| }
configure:10989: result: yes
configure:11000: checking for uid_t in sys/types.h
configure:11019: result: yes
configure:11030: checking whether struct tm is in sys/time.h or time.h
configure:11050: gcc -c -O0 -g -O2  conftest.c >&5
configure:11050: $? = 0
configure:11057: result: time.h
configure:11115: checking for pkg-config
configure:11133: found /usr/bin/pkg-config
configure:11145: result: /usr/bin/pkg-config
configure:11170: checking pkg-config is at least version 0.9.0
configure:11173: result: yes
configure:11184: checking for OPENSSL
configure:11192: $PKG_CONFIG --exists --print-errors "openssl >= $OPENSSL_MIN_VERSION"
configure:11195: $? = 0
configure:11210: $PKG_CONFIG --exists --print-errors "openssl >= $OPENSSL_MIN_VERSION"
configure:11213: $? = 0
configure:11249: result: yes
configure:11256: checking openssl/ssl.h usability
configure:11256: gcc -c -O0 -g -O2  -I/home/coroner/zwa/install/zorp-mainline-4.0/include   conftest.c >&5
configure:11256: $? = 0
configure:11256: result: yes
configure:11256: checking openssl/ssl.h presence
configure:11256: gcc -E  -I/home/coroner/zwa/install/zorp-mainline-4.0/include   conftest.c
configure:11256: $? = 0
configure:11256: result: yes
configure:11256: checking for openssl/ssl.h
configure:11256: result: yes
configure:11270: checking for PR_SET_KEEPCAPS
configure:11292: result: yes
configure:11301: checking for SOL_IP
configure:11325: result: yes
configure:11334: checking for IP_PKTOPTIONS
configure:11358: result: yes
configure:11367: checking for IP_RECVTOS
configure:11391: result: yes
configure:11403: checking for working alloca.h
configure:11420: gcc -o conftest -O0 -g -O2  -g conftest.c  >&5
configure:11420: $? = 0
configure:11428: result: yes
configure:11436: checking for alloca
configure:11473: gcc -o conftest -O0 -g -O2  -g conftest.c  >&5
configure:11473: $? = 0
configure:11481: result: yes
configure:11592: checking whether gcc needs -traditional
configure:11626: result: no
configure:11633: checking for working memcmp
configure:11676: gcc -o conftest -O0 -g -O2  -g conftest.c  >&5
configure:11676: $? = 0
configure:11676: ./conftest
configure:11676: $? = 0
configure:11686: result: yes
configure:11697: checking for strftime
configure:11697: gcc -o conftest -O0 -g -O2  -g conftest.c  >&5
conftest.c:64: warning: conflicting types for built-in function 'strftime'
configure:11697: $? = 0
configure:11697: result: yes
configure:11751: checking for cap_set_proc in -lcap
configure:11776: gcc -o conftest -O0 -g -O2  -g conftest.c -lcap   >&5
configure:11776: $? = 0
configure:11785: result: yes
configure:11796: checking for pthread_create in -lpthread
configure:11821: gcc -o conftest -O0 -g -O2  -g conftest.c -lpthread  -lcap  >&5
configure:11821: $? = 0
configure:11830: result: yes
configure:11841: checking for inet_aton in -lresolv
configure:11866: gcc -o conftest -O0 -g -O2  -g conftest.c -lresolv  -lpthread -lcap  >&5
configure:11866: $? = 0
configure:11875: result: yes
configure:11886: checking for socket in -lsocket
configure:11911: gcc -o conftest -O0 -g -O2  -g conftest.c -lsocket  -lresolv -lpthread -lcap  >&5
/usr/bin/ld: cannot find -lsocket
collect2: ld returned 1 exit status
configure:11911: $? = 1
configure: failed program was:
| /* confdefs.h */
| #define PACKAGE_NAME ""
| #define PACKAGE_TARNAME ""
| #define PACKAGE_VERSION ""
| #define PACKAGE_STRING ""
| #define PACKAGE_BUGREPORT ""
| #define PACKAGE_URL ""
| #define STDC_HEADERS 1
| #define HAVE_SYS_TYPES_H 1
| #define HAVE_SYS_STAT_H 1
| #define HAVE_STDLIB_H 1
| #define HAVE_STRING_H 1
| #define HAVE_MEMORY_H 1
| #define HAVE_STRINGS_H 1
| #define HAVE_INTTYPES_H 1
| #define HAVE_STDINT_H 1
| #define HAVE_UNISTD_H 1
| #define HAVE_DLFCN_H 1
| #define LT_OBJDIR ".libs/"
| #define HAVE_DIRENT_H 1
| #define STDC_HEADERS 1
| #define HAVE_FCNTL_H 1
| #define HAVE_SYS_IOCTL_H 1
| #define HAVE_SYS_TIME_H 1
| #define HAVE_SYSLOG_H 1
| #define HAVE_UNISTD_H 1
| #define HAVE_SYS_CAPABILITY_H 1
| #define HAVE_DLFCN_H 1
| #define HAVE_CRYPT_H 1
| #define HAVE_PWD_H 1
| #define HAVE_GRP_H 1
| #define HAVE_SYS_PRCTL_H 1
| #define HAVE_SYS_RESOURCE_H 1
| #define HAVE_PR_SET_KEEPCAPS 1
| #define HAVE_SOL_IP 1
| #define HAVE_PKTOPTIONS 1
| #define HAVE_IP_RECVTOS 1
| #define HAVE_ALLOCA_H 1
| #define HAVE_ALLOCA 1
| #define HAVE_STRFTIME 1
| #define HAVE_LIBCAP 1
| #define HAVE_LIBPTHREAD 1
| #define HAVE_LIBRESOLV 1
| /* end confdefs.h.  */
| 
| /* Override any GCC internal prototype to avoid an error.
|    Use char because int might match the return type of a GCC
|    builtin and then its argument prototype would still apply.  */
| #ifdef __cplusplus
| extern "C"
| #endif
| char socket ();
| int
| main ()
| {
| return socket ();
|   ;
|   return 0;
| }
configure:11920: result: no
configure:11932: checking for crypt in -lcrypt
configure:11957: gcc -o conftest -O0 -g -O2  -g conftest.c -lcrypt  -lresolv -lpthread -lcap  >&5
configure:11957: $? = 0
configure:11966: result: yes
configure:11978: checking for gzread in -lz
configure:12003: gcc -o conftest -O0 -g -O2  -g conftest.c -lz  -lcrypt -lresolv -lpthread -lcap  >&5
configure:12003: $? = 0
configure:12012: result: yes
configure:12026: checking for socket
configure:12026: gcc -o conftest -O0 -g -O2  -g conftest.c -lz -lcrypt -lresolv -lpthread -lcap  >&5
configure:12026: $? = 0
configure:12026: result: yes
configure:12026: checking for strtol
configure:12026: gcc -o conftest -O0 -g -O2  -g conftest.c -lz -lcrypt -lresolv -lpthread -lcap  >&5
configure:12026: $? = 0
configure:12026: result: yes
configure:12026: checking for strtoul
configure:12026: gcc -o conftest -O0 -g -O2  -g conftest.c -lz -lcrypt -lresolv -lpthread -lcap  >&5
configure:12026: $? = 0
configure:12026: result: yes
configure:12026: checking for strlcpy
configure:12026: gcc -o conftest -O0 -g -O2  -g conftest.c -lz -lcrypt -lresolv -lpthread -lcap  >&5
/tmp/ccQ3Cfwk.o: In function `main':
/home/coroner/zwa/build/zorp-mainline-4.0/dist-libzorpll/conftest.c:84: undefined reference to `strlcpy'
collect2: ld returned 1 exit status
configure:12026: $? = 1
configure: failed program was:
| /* confdefs.h */
| #define PACKAGE_NAME ""
| #define PACKAGE_TARNAME ""
| #define PACKAGE_VERSION ""
| #define PACKAGE_STRING ""
| #define PACKAGE_BUGREPORT ""
| #define PACKAGE_URL ""
| #define STDC_HEADERS 1
| #define HAVE_SYS_TYPES_H 1
| #define HAVE_SYS_STAT_H 1
| #define HAVE_STDLIB_H 1
| #define HAVE_STRING_H 1
| #define HAVE_MEMORY_H 1
| #define HAVE_STRINGS_H 1
| #define HAVE_INTTYPES_H 1
| #define HAVE_STDINT_H 1
| #define HAVE_UNISTD_H 1
| #define HAVE_DLFCN_H 1
| #define LT_OBJDIR ".libs/"
| #define HAVE_DIRENT_H 1
| #define STDC_HEADERS 1
| #define HAVE_FCNTL_H 1
| #define HAVE_SYS_IOCTL_H 1
| #define HAVE_SYS_TIME_H 1
| #define HAVE_SYSLOG_H 1
| #define HAVE_UNISTD_H 1
| #define HAVE_SYS_CAPABILITY_H 1
| #define HAVE_DLFCN_H 1
| #define HAVE_CRYPT_H 1
| #define HAVE_PWD_H 1
| #define HAVE_GRP_H 1
| #define HAVE_SYS_PRCTL_H 1
| #define HAVE_SYS_RESOURCE_H 1
| #define HAVE_PR_SET_KEEPCAPS 1
| #define HAVE_SOL_IP 1
| #define HAVE_PKTOPTIONS 1
| #define HAVE_IP_RECVTOS 1
| #define HAVE_ALLOCA_H 1
| #define HAVE_ALLOCA 1
| #define HAVE_STRFTIME 1
| #define HAVE_LIBCAP 1
| #define HAVE_LIBPTHREAD 1
| #define HAVE_LIBRESOLV 1
| #define HAVE_LIBCRYPT 1
| #define HAVE_LIBZ 1
| #define HAVE_SOCKET 1
| #define HAVE_STRTOL 1
| #define HAVE_STRTOUL 1
| /* end confdefs.h.  */
| /* Define strlcpy to an innocuous variant, in case <limits.h> declares strlcpy.
|    For example, HP-UX 11i <limits.h> declares gettimeofday.  */
| #define strlcpy innocuous_strlcpy
| 
| /* System header to define __stub macros and hopefully few prototypes,
|     which can conflict with char strlcpy (); below.
|     Prefer <limits.h> to <assert.h> if __STDC__ is defined, since
|     <limits.h> exists even on freestanding compilers.  */
| 
| #ifdef __STDC__
| # include <limits.h>
| #else
| # include <assert.h>
| #endif
| 
| #undef strlcpy
| 
| /* Override any GCC internal prototype to avoid an error.
|    Use char because int might match the return type of a GCC
|    builtin and then its argument prototype would still apply.  */
| #ifdef __cplusplus
| extern "C"
| #endif
| char strlcpy ();
| /* The GNU C library defines this for functions which it implements
|     to always fail with ENOSYS.  Some functions are actually named
|     something starting with __ and the normal name is an alias.  */
| #if defined __stub_strlcpy || defined __stub___strlcpy
| choke me
| #endif
| 
| int
| main ()
| {
| return strlcpy ();
|   ;
|   return 0;
| }
configure:12026: result: no
configure:12026: checking for backtrace
configure:12026: gcc -o conftest -O0 -g -O2  -g conftest.c -lz -lcrypt -lresolv -lpthread -lcap  >&5
configure:12026: $? = 0
configure:12026: result: yes
configure:12026: checking for prctl
configure:12026: gcc -o conftest -O0 -g -O2  -g conftest.c -lz -lcrypt -lresolv -lpthread -lcap  >&5
configure:12026: $? = 0
configure:12026: result: yes
configure:12026: checking for setrlimit
configure:12026: gcc -o conftest -O0 -g -O2  -g conftest.c -lz -lcrypt -lresolv -lpthread -lcap  >&5
configure:12026: $? = 0
configure:12026: result: yes
configure:12039: checking for inet_aton
configure:12039: gcc -o conftest -O0 -g -O2  -g conftest.c -lz -lcrypt -lresolv -lpthread -lcap  >&5
configure:12039: $? = 0
configure:12039: result: yes
configure:12039: checking for inet_addr
configure:12039: gcc -o conftest -O0 -g -O2  -g conftest.c -lz -lcrypt -lresolv -lpthread -lcap  >&5
configure:12039: $? = 0
configure:12039: result: yes
configure:12039: checking for localtime_r
configure:12039: gcc -o conftest -O0 -g -O2  -g conftest.c -lz -lcrypt -lresolv -lpthread -lcap  >&5
configure:12039: $? = 0
configure:12039: result: yes
configure:12052: checking for crypt
configure:12052: gcc -o conftest -O0 -g -O2  -g conftest.c -lz -lcrypt -lresolv -lpthread -lcap  >&5
configure:12052: $? = 0
configure:12052: result: yes
configure:12142: checking for pkg-config
configure:12172: result: /usr/bin/pkg-config
configure:12197: checking pkg-config is at least version 0.16
configure:12200: result: yes
configure:12218: checking for GLIB - version >= 2.2.3
configure:12332: gcc -o conftest -O0 -g -O2 -pthread -I/usr/include/glib-2.0 -I/usr/lib/glib-2.0/include    -g conftest.c -pthread -Wl,--export-dynamic -lgmodule-2.0 -lgobject-2.0 -lgthread-2.0 -lrt -lglib-2.0   -lz -lcrypt -lresolv -lpthread -lcap  >&5
configure:12332: $? = 0
configure:12332: ./conftest
configure:12332: $? = 0
configure:12346: result: yes (version 2.24.1)
configure:12422: checking for special C compiler options needed for large files
configure:12467: result: no
configure:12473: checking for _FILE_OFFSET_BITS value needed for large files
configure:12498: gcc -c -O0 -g -O2  conftest.c >&5
configure:12498: $? = 0
configure:12530: result: no
configure:12626: checking whether to enable POSIX 1003.1e capability support
configure:12629: result: yes
configure:12641: checking whether to enable stack dumping (only in i386 Linux)
configure:12655: result: no
configure:12661: checking whether to enable SSL crypto engine support
configure:12668: result: no
configure:12675: checking whether to enable ToS manipulation support
configure:12678: result: yes
configure:12989: creating ./config.status

## ---------------------- ##
## Running config.status. ##
## ---------------------- ##

This file was extended by config.status, which was
generated by GNU Autoconf 2.65.  Invocation command line was

  CONFIG_FILES    = 
  CONFIG_HEADERS  = 
  CONFIG_LINKS    = 
  CONFIG_COMMANDS = 
  $ ./config.status 

on coroner

config.status:1160: creating Makefile
config.status:1160: creating dist.conf
config.status:1160: creating debian/Makefile
config.status:1160: creating solbuild/Makefile
config.status:1160: creating solbuild/rules.conf
config.status:1160: creating solbuild/pkginfo.lib
config.status:1160: creating solbuild/pkginfo.dev
config.status:1160: creating winbuild/Makefile
config.status:1160: creating winbuild/build.bat
config.status:1160: creating tgzbuild/Makefile
config.status:1160: creating tgz2build/Makefile
config.status:1160: creating src/libzorpll.rc
config.status:1160: creating src/Makefile
config.status:1160: creating src/zorp/Makefile
config.status:1160: creating scripts/Makefile
config.status:1160: creating src/zorp/zorplibconfig.h-win32
config.status:1160: creating tests/Makefile
config.status:1160: creating zorplibll.pc
config.status:1160: creating zorplibll.spec
config.status:1160: creating src/zorp/zorplibconfig.h
config.status:1380: executing depfiles commands
config.status:1380: executing libtool commands

## ---------------- ##
## Cache variables. ##
## ---------------- ##

ac_cv_build=x86_64-unknown-linux-gnu
ac_cv_c_compiler_gnu=yes
ac_cv_c_const=yes
ac_cv_env_CC_set=
ac_cv_env_CC_value=
ac_cv_env_CFLAGS_set=set
ac_cv_env_CFLAGS_value='-O0 -g'
ac_cv_env_CPPFLAGS_set=
ac_cv_env_CPPFLAGS_value=
ac_cv_env_CPP_set=
ac_cv_env_CPP_value=
ac_cv_env_LDFLAGS_set=set
ac_cv_env_LDFLAGS_value=-g
ac_cv_env_LIBS_set=
ac_cv_env_LIBS_value=
ac_cv_env_OPENSSL_CFLAGS_set=
ac_cv_env_OPENSSL_CFLAGS_value=
ac_cv_env_OPENSSL_LIBS_set=
ac_cv_env_OPENSSL_LIBS_value=
ac_cv_env_PKG_CONFIG_set=
ac_cv_env_PKG_CONFIG_value=
ac_cv_env_build_alias_set=
ac_cv_env_build_alias_value=
ac_cv_env_host_alias_set=
ac_cv_env_host_alias_value=
ac_cv_env_target_alias_set=
ac_cv_env_target_alias_value=
ac_cv_func_alloca_works=yes
ac_cv_func_backtrace=yes
ac_cv_func_crypt=yes
ac_cv_func_inet_addr=yes
ac_cv_func_inet_aton=yes
ac_cv_func_localtime_r=yes
ac_cv_func_memcmp_working=yes
ac_cv_func_prctl=yes
ac_cv_func_setrlimit=yes
ac_cv_func_socket=yes
ac_cv_func_strftime=yes
ac_cv_func_strlcpy=no
ac_cv_func_strtol=yes
ac_cv_func_strtoul=yes
ac_cv_header_crypt_h=yes
ac_cv_header_dirent_dirent_h=yes
ac_cv_header_dlfcn_h=yes
ac_cv_header_fcntl_h=yes
ac_cv_header_grp_h=yes
ac_cv_header_inttypes_h=yes
ac_cv_header_memory_h=yes
ac_cv_header_openssl_ssl_h=yes
ac_cv_header_pwd_h=yes
ac_cv_header_stdc=yes
ac_cv_header_stdint_h=yes
ac_cv_header_stdlib_h=yes
ac_cv_header_string_h=yes
ac_cv_header_strings_h=yes
ac_cv_header_sys_capability_h=yes
ac_cv_header_sys_ioctl_h=yes
ac_cv_header_sys_prctl_h=yes
ac_cv_header_sys_resource_h=yes
ac_cv_header_sys_stat_h=yes
ac_cv_header_sys_time_h=yes
ac_cv_header_sys_types_h=yes
ac_cv_header_syslog_h=yes
ac_cv_header_unistd_h=yes
ac_cv_header_zlib_h=yes
ac_cv_host=x86_64-unknown-linux-gnu
ac_cv_lib_cap_cap_set_proc=yes
ac_cv_lib_crypt_crypt=yes
ac_cv_lib_pthread_pthread_create=yes
ac_cv_lib_resolv_inet_aton=yes
ac_cv_lib_socket_socket=no
ac_cv_lib_z_gzread=yes
ac_cv_objext=o
ac_cv_path_EGREP='/bin/grep -E'
ac_cv_path_FGREP='/bin/grep -F'
ac_cv_path_GREP=/bin/grep
ac_cv_path_SED=/bin/sed
ac_cv_path_ac_pt_PKG_CONFIG=/usr/bin/pkg-config
ac_cv_path_install='/usr/bin/install -c'
ac_cv_path_mkdir=/bin/mkdir
ac_cv_prog_AWK=gawk
ac_cv_prog_CPP='gcc -E'
ac_cv_prog_ac_ct_AR=ar
ac_cv_prog_ac_ct_CC=gcc
ac_cv_prog_ac_ct_OBJDUMP=objdump
ac_cv_prog_ac_ct_RANLIB=ranlib
ac_cv_prog_ac_ct_STRIP=strip
ac_cv_prog_cc_c89=
ac_cv_prog_cc_g=yes
ac_cv_prog_gcc_traditional=no
ac_cv_prog_make_make_set=yes
ac_cv_search_opendir='none required'
ac_cv_struct_tm=time.h
ac_cv_sys_file_offset_bits=no
ac_cv_sys_largefile_CC=no
ac_cv_type_size_t=yes
ac_cv_type_uid_t=yes
ac_cv_working_alloca_h=yes
am_cv_CC_dependencies_compiler_type=gcc3
blb_cv_ip_pktoptions=yes
blb_cv_ip_recvtos=yes
blb_cv_keepcaps=yes
blb_cv_sol_ip=yes
lt_cv_deplibs_check_method=pass_all
lt_cv_file_magic_cmd='$MAGIC_CMD'
lt_cv_file_magic_test_file=
lt_cv_ld_reload_flag=-r
lt_cv_nm_interface='BSD nm'
lt_cv_objdir=.libs
lt_cv_path_LD=/usr/bin/ld
lt_cv_path_NM='/usr/bin/nm -B'
lt_cv_prog_compiler_c_o=yes
lt_cv_prog_compiler_pic_works=yes
lt_cv_prog_compiler_rtti_exceptions=no
lt_cv_prog_compiler_static_works=yes
lt_cv_prog_gnu_ld=yes
lt_cv_sys_global_symbol_pipe='sed -n -e '\''s/^.*[	 ]\([ABCDGIRSTW][ABCDGIRSTW]*\)[	 ][	 ]*\([_A-Za-z][_A-Za-z0-9]*\)$/\1 \2 \2/p'\'''
lt_cv_sys_global_symbol_to_c_name_address='sed -n -e '\''s/^: \([^ ]*\) $/  {\"\1\", (void *) 0},/p'\'' -e '\''s/^[ABCDGIRSTW]* \([^ ]*\) \([^ ]*\)$/  {"\2", (void *) \&\2},/p'\'''
lt_cv_sys_global_symbol_to_c_name_address_lib_prefix='sed -n -e '\''s/^: \([^ ]*\) $/  {\"\1\", (void *) 0},/p'\'' -e '\''s/^[ABCDGIRSTW]* \([^ ]*\) \(lib[^ ]*\)$/  {"\2", (void *) \&\2},/p'\'' -e '\''s/^[ABCDGIRSTW]* \([^ ]*\) \([^ ]*\)$/  {"lib\2", (void *) \&\2},/p'\'''
lt_cv_sys_global_symbol_to_cdecl='sed -n -e '\''s/^T .* \(.*\)$/extern int \1();/p'\'' -e '\''s/^[ABCDGIRSTW]* .* \(.*\)$/extern char \1;/p'\'''
lt_cv_sys_max_cmd_len=1572864
pkg_cv_OPENSSL_CFLAGS='-I/home/coroner/zwa/install/zorp-mainline-4.0/include  '
pkg_cv_OPENSSL_LIBS='-L/home/coroner/zwa/install/zorp-mainline-4.0/lib -lssl -lcrypto  '

## ----------------- ##
## Output variables. ##
## ----------------- ##

ACLOCAL='${SHELL} /home/coroner/zwa/build/zorp-mainline-4.0/dist-libzorpll/missing --run aclocal-1.11'
ALLOCA=''
AMDEPBACKSLASH='\'
AMDEP_FALSE='#'
AMDEP_TRUE=''
AMTAR='${SHELL} /home/coroner/zwa/build/zorp-mainline-4.0/dist-libzorpll/missing --run tar'
AR='ar'
AUTOCONF='${SHELL} /home/coroner/zwa/build/zorp-mainline-4.0/dist-libzorpll/missing --run autoconf'
AUTOHEADER='${SHELL} /home/coroner/zwa/build/zorp-mainline-4.0/dist-libzorpll/missing --run autoheader'
AUTOMAKE='${SHELL} /home/coroner/zwa/build/zorp-mainline-4.0/dist-libzorpll/missing --run automake-1.11'
AWK='gawk'
CC='gcc'
CCDEPMODE='depmode=gcc3'
CFLAGS='-O0 -g -O2 -D_GNU_SOURCE -Wall -Werror -Wshadow -W -Wstrict-prototypes -Werror-implicit-function-declaration -Wpointer-arith -g'
CPP='gcc -E'
CPPFLAGS='-I/home/coroner/zwa/build/zorp-mainline-4.0/dist-libzorpll/lib -I/home/coroner/zwa/build/zorp-mainline-4.0/dist-libzorpll  -pthread -I/usr/include/glib-2.0 -I/usr/lib/glib-2.0/include   -I/home/coroner/zwa/install/zorp-mainline-4.0/include  '
CYGPATH_W='echo'
DEFS='-DHAVE_CONFIG_H'
DEPDIR='.deps'
DEPS_CPPFLAGS=' -pthread -I/usr/include/glib-2.0 -I/usr/lib/glib-2.0/include   -I/home/coroner/zwa/install/zorp-mainline-4.0/include  '
DEPS_LIBS='-lz -lcrypt -lresolv -lpthread -lcap  -pthread -Wl,--export-dynamic -lgmodule-2.0 -lgobject-2.0 -lgthread-2.0 -lrt -lglib-2.0   -L/home/coroner/zwa/install/zorp-mainline-4.0/lib -lssl -lcrypto  '
DSYMUTIL=''
DUMPBIN=''
ECHO_C=''
ECHO_N='-n'
ECHO_T=''
EGREP='/bin/grep -E'
EXEEXT=''
FGREP='/bin/grep -F'
GLIB_CFLAGS='-pthread -I/usr/include/glib-2.0 -I/usr/lib/glib-2.0/include  '
GLIB_GENMARSHAL='glib-genmarshal'
GLIB_LIBS='-pthread -Wl,--export-dynamic -lgmodule-2.0 -lgobject-2.0 -lgthread-2.0 -lrt -lglib-2.0  '
GLIB_MKENUMS='glib-mkenums'
GOBJECT_QUERY='gobject-query'
GREP='/bin/grep'
INSTALL_DATA='${INSTALL} -m 644'
INSTALL_PROGRAM='${INSTALL}'
INSTALL_SCRIPT='${INSTALL}'
INSTALL_STRIP_PROGRAM='$(install_sh) -c -s'
LD='/usr/bin/ld -m elf_x86_64'
LDFLAGS='-g'
LIBOBJS=''
LIBS=' -lz -lcrypt -lresolv -lpthread -lcap  -pthread -Wl,--export-dynamic -lgmodule-2.0 -lgobject-2.0 -lgthread-2.0 -lrt -lglib-2.0   -L/home/coroner/zwa/install/zorp-mainline-4.0/lib -lssl -lcrypto  '
LIBTOOL='$(SHELL) $(top_builddir)/libtool'
LIBZORPLL_LT_AGE='1'
LIBZORPLL_LT_COMPAT_BRANCH='3.9-0'
LIBZORPLL_LT_COMPAT_PL='0'
LIBZORPLL_LT_CURRENT='1'
LIBZORPLL_LT_RELEASE='3.9'
LIPO=''
LN_S='ln -s'
LTLIBOBJS=''
MAKEINFO='${SHELL} /home/coroner/zwa/build/zorp-mainline-4.0/dist-libzorpll/missing --run makeinfo'
MKDIR_P='/bin/mkdir -p'
NM='/usr/bin/nm -B'
NMEDIT=''
OBJDUMP='objdump'
OBJEXT='o'
OPENSSL_CFLAGS='-I/home/coroner/zwa/install/zorp-mainline-4.0/include  '
OPENSSL_CPPFLAGS='-I/home/coroner/zwa/install/zorp-mainline-4.0/include  '
OPENSSL_LIBS='-L/home/coroner/zwa/install/zorp-mainline-4.0/lib -lssl -lcrypto  '
OTOOL64=''
OTOOL=''
PACKAGE='libzorpll'
PACKAGE_BUGREPORT=''
PACKAGE_NAME=''
PACKAGE_STRING=''
PACKAGE_TARNAME=''
PACKAGE_URL=''
PACKAGE_VERSION=''
PATH_SEPARATOR=':'
PKG_CONFIG='/usr/bin/pkg-config'
RANLIB='ranlib'
RELEASE_TAG='zorp40gpl'
SED='/bin/sed'
SET_MAKE=''
SHELL='/bin/bash'
SNAPSHOT_VERSION=''
SOURCE_REVISION='ssh+git://coroner@git.balabit//var/scm/git/zorp/libzorpll--mainline--4.0#master#bc22a17ea06f1dc6e17121f9014eb367db144428'
STRIP='strip'
VERSION='3.9.0.1'
ZORPLIBLL_VERSION='3.9.0.1'
ZORPLIBLL_WIN_VERSION='3,9,0,1'
ZORPLIB_PIDFILE_DIR='NONE/var/run/zorp'
ZORPLIB_TEMP_DIR='NONE/var/lib/zorp/tmp'
ZORP_LIBS=''
ac_ct_CC='gcc'
ac_ct_DUMPBIN=''
am__EXEEXT_FALSE=''
am__EXEEXT_TRUE='#'
am__fastdepCC_FALSE='#'
am__fastdepCC_TRUE=''
am__include='include'
am__isrc=''
am__leading_dot='.'
am__quote=''
am__tar='${AMTAR} chof - "$$tardir"'
am__untar='${AMTAR} xf -'
bindir='${exec_prefix}/bin'
build='x86_64-unknown-linux-gnu'
build_alias=''
build_cpu='x86_64'
build_os='linux-gnu'
build_vendor='unknown'
datadir='${datarootdir}'
datarootdir='${prefix}/share'
docdir='${datarootdir}/doc/${PACKAGE}'
dvidir='${docdir}'
exec_prefix='${prefix}'
host='x86_64-unknown-linux-gnu'
host_alias=''
host_cpu='x86_64'
host_os='linux-gnu'
host_vendor='unknown'
htmldir='${docdir}'
includedir='${prefix}/include'
infodir='${datarootdir}/info'
install_sh='${SHELL} /home/coroner/zwa/build/zorp-mainline-4.0/dist-libzorpll/install-sh'
libdir='${exec_prefix}/lib'
libexecdir='NONE/libexec'
localedir='${datarootdir}/locale'
localstatedir='${prefix}/var'
lt_ECHO='echo'
mandir='${datarootdir}/man'
mkdir_p='/bin/mkdir -p'
oldincludedir='/usr/include'
pdfdir='${docdir}'
prefix='/usr/local'
program_transform_name='s,x,x,'
psdir='${docdir}'
sbindir='${exec_prefix}/sbin'
sharedstatedir='${prefix}/com'
sysconfdir='NONE/etc'
target_alias=''

## ----------- ##
## confdefs.h. ##
## ----------- ##

/* confdefs.h */
#define PACKAGE_NAME ""
#define PACKAGE_TARNAME ""
#define PACKAGE_VERSION ""
#define PACKAGE_STRING ""
#define PACKAGE_BUGREPORT ""
#define PACKAGE_URL ""
#define STDC_HEADERS 1
#define HAVE_SYS_TYPES_H 1
#define HAVE_SYS_STAT_H 1
#define HAVE_STDLIB_H 1
#define HAVE_STRING_H 1
#define HAVE_MEMORY_H 1
#define HAVE_STRINGS_H 1
#define HAVE_INTTYPES_H 1
#define HAVE_STDINT_H 1
#define HAVE_UNISTD_H 1
#define HAVE_DLFCN_H 1
#define LT_OBJDIR ".libs/"
#define HAVE_DIRENT_H 1
#define STDC_HEADERS 1
#define HAVE_FCNTL_H 1
#define HAVE_SYS_IOCTL_H 1
#define HAVE_SYS_TIME_H 1
#define HAVE_SYSLOG_H 1
#define HAVE_UNISTD_H 1
#define HAVE_SYS_CAPABILITY_H 1
#define HAVE_DLFCN_H 1
#define HAVE_CRYPT_H 1
#define HAVE_PWD_H 1
#define HAVE_GRP_H 1
#define HAVE_SYS_PRCTL_H 1
#define HAVE_SYS_RESOURCE_H 1
#define HAVE_PR_SET_KEEPCAPS 1
#define HAVE_SOL_IP 1
#define HAVE_PKTOPTIONS 1
#define HAVE_IP_RECVTOS 1
#define HAVE_ALLOCA_H 1
#define HAVE_ALLOCA 1
#define HAVE_STRFTIME 1
#define HAVE_LIBCAP 1
#define HAVE_LIBPTHREAD 1
#define HAVE_LIBRESOLV 1
#define HAVE_LIBCRYPT 1
#define HAVE_LIBZ 1
#define HAVE_SOCKET 1
#define HAVE_STRTOL 1
#define HAVE_STRTOUL 1
#define HAVE_BACKTRACE 1
#define HAVE_PRCTL 1
#define HAVE_SETRLIMIT 1
#define HAVE_INET_ATON 1
#define HAVE_INET_ADDR 1
#define HAVE_LOCALTIME_R 1
#define HAVE_CRYPT 1
#define HAVE_BUGGY_SYSLOG_IN_LIBC 1
#define HAVE_MD5_CRYPT 1
#define ZORPLIBLL_PACKAGE "libzorpll"
#define ZORPLIBLL_VERSION "3.9.0.1"
#define ZORPLIBLL_REVISION "ssh+git://coroner@git.balabit//var/scm/git/zorp/libzorpll--mainline--4.0#master#bc22a17ea06f1dc6e17121f9014eb367db144428"
#define ZORPLIB_ENABLE_DEBUG 0
#define ZORPLIB_ENABLE_TRACE 0
#define ZORPLIB_ENABLE_MEM_TRACE 0
#define ZORPLIB_ENABLE_CAPS 1
#define ZORPLIB_ENABLE_RESIDUAL_PROTECTION 0
#define ZORPLIB_ENABLE_SSL_ENGINE 0
#define ZORPLIB_ENABLE_STACKDUMP 0
#define ZORPLIB_ENABLE_TOS 1
#define ZORPLIB_PIDFILE_DIR "NONE/var/run/zorp"
#define ZORPLIB_LIBEXECDIR "NONE/libexec"
#define ZORPLIB_COMPAT_BRANCH "3.9-0"
#define ZORPLIB_TEMP_DIR "NONE/var/lib/zorp/tmp"

configure: exit 0
